  Using 'git status' to determine working set for adaptive non-unity build (G:\Git).
  Parsing headers for ProjectTPSEditor
    Running UnrealHeaderTool "G:\Git\ProjectTPS\ProjectTPS.uproject" "G:\Git\ProjectTPS\Intermediate\Build\Win64\ProjectTPSEditor\Development\ProjectTPSEditor.uhtmanifest" -LogCmds="loginit warning, logexit warning, logdatabase error" -Unattended -WarningsAsErrors -abslog="C:\Users\han\AppData\Local\UnrealBuildTool\Log_UHT.txt" -installed
  Reflection code generated for ProjectTPSEditor in 4.4178066 seconds
  Building ProjectTPSEditor...
  Using Visual Studio 2019 14.28.29336 toolchain (C:\Program Files (x86)\Microsoft Visual Studio\2019\Community\VC\Tools\MSVC\14.28.29333) and Windows 10.0.18362.0 SDK (C:\Program Files (x86)\Windows Kits\10).
  [Adaptive unity build] Excluded from ProjectTPS unity file: AbilitySlotWidget.cpp, AbilityWindowWidget.cpp, MainHUDWidget.cpp
  [Adaptive unity build] Excluded from ProjectTPS.gen unity file: AbilitySlotData.gen.cpp, AbilitySlotWidget.gen.cpp, AbilityWindowWidget.gen.cpp, MainHUDWidget.gen.cpp, ProjectTPS.init.gen.cpp, ProjectTPSGameInstance.gen.cpp
  Building 8 actions with 8 processes...
    [1/8] ProjectTPS.init.gen.cpp
    [2/8] AbilityWindowWidget.gen.cpp
    [3/8] MainHUDWidget.cpp
    [4/8] AbilityWindowWidget.cpp
    [5/8] Module.ProjectTPS.cpp
    [6/8] UE4Editor-ProjectTPS-0206.lib
       G:\Git\ProjectTPS\Intermediate\Build\Win64\UE4Editor\Development\ProjectTPS\UE4Editor-ProjectTPS-0206.lib 라이브러리 및 G:\Git\ProjectTPS\Intermediate\Build\Win64\UE4Editor\Development\ProjectTPS\UE4Editor-ProjectTPS-0206.exp 개체를 생성하고 있습니다.
    [7/8] UE4Editor-ProjectTPS-0206.dll
       G:\Git\ProjectTPS\Intermediate\Build\Win64\UE4Editor\Development\ProjectTPS\UE4Editor-ProjectTPS-0206.suppressed.lib 라이브러리 및 G:\Git\ProjectTPS\Intermediate\Build\Win64\UE4Editor\Development\ProjectTPS\UE4Editor-ProjectTPS-0206.suppressed.exp 개체를 생성하고 있습니다.
    [8/8] ProjectTPSEditor.target
  Total time in Parallel executor: 23.89 seconds
  Total execution time: 29.60 seconds
